<?xml version="1.0" encoding="UTF-8"?>
<!-- Generated by org.testng.reporters.JUnitXMLReporter -->
<testsuite ignored="1" hostname="DESKTOP-6RBINDF" failures="0" tests="1" name="Default test" time="8.894" errors="0" timestamp="2025-06-07T22:47:14 GMT+07:00">
  <testcase classname="automation.testsuite.Day15_BTVN" name="searchCourceSuccessfully" time="3.264"/>
  <testcase classname="automation.testsuite.Day15_BTVN" name="updatePassUnsuccessfully" time="0.0">
    <ignored/>
  </testcase> <!-- updatePassUnsuccessfully -->
</testsuite> <!-- Default test -->
