<?xml version="1.0" encoding="UTF-8"?>
<!-- Generated by org.testng.reporters.JUnitXMLReporter -->
<testsuite ignored="0" hostname="DESKTOP-JSGTNCE" failures="0" tests="4" name="Default test" time="23.969" errors="0" timestamp="2025-06-01T12:59:35 ICT">
  <testcase classname="automation.testsuite.Day13_BTVN_2" name="LoginSuccessFully" time="0.972"/>
  <testcase classname="automation.testsuite.Day13_BTVN_2" name="LoginWithIncorrectEmail" time="1.043"/>
  <testcase classname="automation.testsuite.Day13_BTVN_2" name="LoginWithIncorrectPassWord" time="1.202"/>
  <testcase classname="automation.testsuite.Day13_BTVN_2" name="LoginWithIncorrectEmailAndPass" time="1.129"/>
</testsuite> <!-- Default test -->
