<?xml version="1.0" encoding="UTF-8"?>
<testng-results ignored="0" total="1" passed="1" failed="0" skipped="0">
  <reporter-output>
  </reporter-output>
  <suite started-at="2025-06-07T22:47:05 GMT+07:00" name="Default suite" finished-at="2025-06-07T22:47:14 GMT+07:00" duration-ms="8894">
    <groups>
    </groups>
    <test started-at="2025-06-07T22:47:05 GMT+07:00" name="Default test" finished-at="2025-06-07T22:47:14 GMT+07:00" duration-ms="8894">
      <class name="automation.testsuite.Day15_BTVN">
        <test-method is-config="true" signature="openBrowser()[pri:0, instance:automation.testsuite.Day15_BTVN@1a677343]" started-at="2025-06-07T22:47:05 GMT+07:00" name="openBrowser" finished-at="2025-06-07T22:47:10 GMT+07:00" duration-ms="5589" status="PASS">
          <reporter-output>
          </reporter-output>
        </test-method> <!-- openBrowser -->
        <test-method signature="searchCourceSuccessfully()[pri:2, instance:automation.testsuite.Day15_BTVN@1a677343]" started-at="2025-06-07T22:47:10 GMT+07:00" name="searchCourceSuccessfully" finished-at="2025-06-07T22:47:14 GMT+07:00" duration-ms="3264" status="PASS">
          <reporter-output>
          </reporter-output>
        </test-method> <!-- searchCourceSuccessfully -->
      </class> <!-- automation.testsuite.Day15_BTVN -->
    </test> <!-- Default test -->
  </suite> <!-- Default suite -->
</testng-results>
