<?xml version="1.0" encoding="UTF-8"?>
<testng-results ignored="0" total="1" passed="1" failed="0" skipped="0">
  <reporter-output>
  </reporter-output>
  <suite started-at="2025-06-10T23:36:30 GMT+07:00" name="Default suite" finished-at="2025-06-10T23:36:37 GMT+07:00" duration-ms="7381">
    <groups>
    </groups>
    <test started-at="2025-06-10T23:36:30 GMT+07:00" name="Default test" finished-at="2025-06-10T23:36:37 GMT+07:00" duration-ms="7381">
      <class name="automation.testsuite.Day16_BTVN1">
        <test-method is-config="true" signature="openBrowser()[pri:0, instance:automation.testsuite.Day16_BTVN1@7c6908d7]" started-at="2025-06-10T23:36:30 GMT+07:00" name="openBrowser" finished-at="2025-06-10T23:36:35 GMT+07:00" duration-ms="5340" status="PASS">
          <reporter-output>
          </reporter-output>
        </test-method> <!-- openBrowser -->
        <test-method signature="AddNewAndDeleteWorkAreaSuccessFully()[pri:0, instance:automation.testsuite.Day16_BTVN1@7c6908d7]" started-at="2025-06-10T23:36:35 GMT+07:00" name="AddNewAndDeleteWorkAreaSuccessFully" finished-at="2025-06-10T23:36:37 GMT+07:00" duration-ms="2006" status="PASS">
          <reporter-output>
          </reporter-output>
        </test-method> <!-- AddNewAndDeleteWorkAreaSuccessFully -->
      </class> <!-- automation.testsuite.Day16_BTVN1 -->
    </test> <!-- Default test -->
  </suite> <!-- Default suite -->
</testng-results>
