<?xml version="1.0" encoding="UTF-8"?>
<!-- Generated by org.testng.reporters.JUnitReportReporter -->
<testsuite hostname="DESKTOP-6RBINDF" failures="0" tests="3" name="automation.testsuite.Day12" time="127.439" errors="0" timestamp="2025-05-25T20:33:50 GMT+07:00" skipped="0">
  <testcase classname="automation.testsuite.Day12" name="clickRadioButton" time="49.106"/>
  <testcase classname="automation.testsuite.Day12" name="clickCheckBox" time="67.540"/>
  <testcase classname="automation.testsuite.Day12" name="multipleClickToCheckBox" time="10.793"/>
</testsuite> <!-- automation.testsuite.Day12 -->
