<?xml version="1.0" encoding="UTF-8"?>
<!-- Generated by org.testng.reporters.JUnitReportReporter -->
<testsuite hostname="DESKTOP-6RBINDF" failures="0" tests="3" name="automation.testsuite.Day16_Alert" time="11.365" errors="0" timestamp="2025-06-08T20:58:28 GMT+07:00" skipped="0">
  <testcase classname="automation.testsuite.Day16_Alert" name="dismissAlertWithOKAndCancel" time="5.222"/>
  <testcase classname="automation.testsuite.Day16_Alert" name="acceptAlertWithOKAndCancel" time="3.481"/>
  <testcase classname="automation.testsuite.Day16_Alert" name="alertWithOK" time="2.662"/>
</testsuite> <!-- automation.testsuite.Day16_Alert -->
