<?xml version="1.0" encoding="UTF-8"?>
<!-- Generated by org.testng.reporters.JUnitReportReporter -->
<testsuite hostname="DESKTOP-JSGTNCE" failures="0" tests="4" name="automation.testsuite.Day13_BTVN_2" time="23.926" errors="0" timestamp="2025-06-01T12:59:35 ICT" skipped="0">
  <testcase classname="automation.testsuite.Day13_BTVN_2" name="LoginSuccessFully" time="5.831"/>
  <testcase classname="automation.testsuite.Day13_BTVN_2" name="LoginWithIncorrectEmail" time="5.781"/>
  <testcase classname="automation.testsuite.Day13_BTVN_2" name="LoginWithIncorrectPassWord" time="6.043"/>
  <testcase classname="automation.testsuite.Day13_BTVN_2" name="LoginWithIncorrectEmailAndPass" time="6.271"/>
</testsuite> <!-- automation.testsuite.Day13_BTVN_2 -->
