<?xml version="1.0" encoding="UTF-8"?>
<!-- Generated by org.testng.reporters.JUnitReportReporter -->
<testsuite hostname="DESKTOP-6RBINDF" failures="0" tests="2" name="automation.testsuite.Day13_LoginTest" time="83.108" errors="0" timestamp="2025-05-25T21:29:57 GMT+07:00" skipped="0">
  <testcase classname="automation.testsuite.Day13_LoginTest" name="LoginFailedIncorrectEmail" time="40.910"/>
  <testcase classname="automation.testsuite.Day13_LoginTest" name="LoginSuccessfully" time="42.198"/>
</testsuite> <!-- automation.testsuite.Day13_LoginTest -->
